0 info it worked if it ends with ok
1 verbose cli [ '/opt/local/bin/node',
1 verbose cli   '/opt/local/bin/npm',
1 verbose cli   'install',
1 verbose cli   '-g',
1 verbose cli   'tern-meteor' ]
2 info using npm@2.14.17
3 info using node@v4.2.6
4 verbose install initial load of /opt/local/lib/package.json
5 verbose readDependencies loading dependencies from /opt/local/lib/package.json
6 silly cache add args [ 'tern-meteor', null ]
7 verbose cache add spec tern-meteor
8 silly cache add parsed spec Result {
8 silly cache add   raw: 'tern-meteor',
8 silly cache add   scope: null,
8 silly cache add   name: 'tern-meteor',
8 silly cache add   rawSpec: '',
8 silly cache add   spec: 'latest',
8 silly cache add   type: 'tag' }
9 silly addNamed tern-meteor@latest
10 verbose addNamed "latest" is being treated as a dist-tag for tern-meteor
11 info addNameTag [ 'tern-meteor', 'latest' ]
12 silly mapToRegistry name tern-meteor
13 silly mapToRegistry using default registry
14 silly mapToRegistry registry https://registry.npmjs.org/
15 silly mapToRegistry uri https://registry.npmjs.org/tern-meteor
16 verbose addNameTag registry:https://registry.npmjs.org/tern-meteor not in flight; fetching
17 verbose request uri https://registry.npmjs.org/tern-meteor
18 verbose request no auth needed
19 info attempt registry request try #1 at 1:58:12 PM
20 verbose request id cf3d930afd7afc42
21 http request GET https://registry.npmjs.org/tern-meteor
22 http 200 https://registry.npmjs.org/tern-meteor
23 verbose headers { server: 'CouchDB/1.5.0 (Erlang OTP/R16B03)',
23 verbose headers   etag: '"6HRK821AHNCLEHQG3MQYWYMTO"',
23 verbose headers   'content-type': 'application/json',
23 verbose headers   'cache-control': 'max-age=300',
23 verbose headers   'content-length': '9019',
23 verbose headers   'accept-ranges': 'bytes',
23 verbose headers   date: 'Wed, 10 Feb 2016 18:58:13 GMT',
23 verbose headers   via: '1.1 varnish',
23 verbose headers   age: '0',
23 verbose headers   connection: 'keep-alive',
23 verbose headers   'x-served-by': 'cache-atl6226-ATL',
23 verbose headers   'x-cache': 'MISS',
23 verbose headers   'x-cache-hits': '0',
23 verbose headers   'x-timer': 'S1455130693.004857,VS0,VE31',
23 verbose headers   vary: 'Accept' }
24 silly get cb [ 200,
24 silly get   { server: 'CouchDB/1.5.0 (Erlang OTP/R16B03)',
24 silly get     etag: '"6HRK821AHNCLEHQG3MQYWYMTO"',
24 silly get     'content-type': 'application/json',
24 silly get     'cache-control': 'max-age=300',
24 silly get     'content-length': '9019',
24 silly get     'accept-ranges': 'bytes',
24 silly get     date: 'Wed, 10 Feb 2016 18:58:13 GMT',
24 silly get     via: '1.1 varnish',
24 silly get     age: '0',
24 silly get     connection: 'keep-alive',
24 silly get     'x-served-by': 'cache-atl6226-ATL',
24 silly get     'x-cache': 'MISS',
24 silly get     'x-cache-hits': '0',
24 silly get     'x-timer': 'S1455130693.004857,VS0,VE31',
24 silly get     vary: 'Accept' } ]
25 verbose get saving tern-meteor to /Users/mgs/.npm/registry.npmjs.org/tern-meteor/.cache.json
26 verbose correctMkdir /Users/mgs/.npm correctMkdir not in flight; initializing
27 silly addNameTag next cb for tern-meteor with tag latest
28 silly addNamed tern-meteor@1.0.3
29 verbose addNamed "1.0.3" is a plain semver version for tern-meteor
30 silly mapToRegistry name tern-meteor
31 silly mapToRegistry using default registry
32 silly mapToRegistry registry https://registry.npmjs.org/
33 silly mapToRegistry uri https://registry.npmjs.org/tern-meteor
34 verbose addRemoteTarball https://registry.npmjs.org/tern-meteor/-/tern-meteor-1.0.3.tgz not in flight; adding
35 verbose addRemoteTarball [ 'https://registry.npmjs.org/tern-meteor/-/tern-meteor-1.0.3.tgz',
35 verbose addRemoteTarball   '48bac02a96f020209a3a64fbf43abe3b9070b5e7' ]
36 info retry fetch attempt 1 at 1:58:13 PM
37 info attempt registry request try #1 at 1:58:13 PM
38 http fetch GET https://registry.npmjs.org/tern-meteor/-/tern-meteor-1.0.3.tgz
39 http fetch 200 https://registry.npmjs.org/tern-meteor/-/tern-meteor-1.0.3.tgz
40 silly fetchAndShaCheck shasum 48bac02a96f020209a3a64fbf43abe3b9070b5e7
41 verbose addTmpTarball /tmp/npm-17894-d47a1f0c/registry.npmjs.org/tern-meteor/-/tern-meteor-1.0.3.tgz not in flight; adding
42 verbose addTmpTarball already have metadata; skipping unpack for tern-meteor@1.0.3
43 verbose correctMkdir /Users/mgs/.npm correctMkdir not in flight; initializing
44 silly cache afterAdd tern-meteor@1.0.3
45 verbose afterAdd /Users/mgs/.npm/tern-meteor/1.0.3/package/package.json not in flight; writing
46 verbose correctMkdir /Users/mgs/.npm correctMkdir not in flight; initializing
47 verbose afterAdd /Users/mgs/.npm/tern-meteor/1.0.3/package/package.json written
48 silly install resolved [ { name: 'tern-meteor',
48 silly install resolved     version: '1.0.3',
48 silly install resolved     description: 'Tern plugin for meteor js framework',
48 silly install resolved     main: 'meteor.js',
48 silly install resolved     scripts: { test: 'echo "Error: no test specified" && exit 1' },
48 silly install resolved     repository:
48 silly install resolved      { type: 'git',
48 silly install resolved        url: 'git+https://github.com/ferhtgoldaraz/tern-meteor.git' },
48 silly install resolved     dependencies: { tern: '~0.16.1', acorn: '~2.5.2' },
48 silly install resolved     keywords: [ 'tern', 'meteor' ],
48 silly install resolved     author: { name: 'Slava Kim', email: 'slava@meteor.com' },
48 silly install resolved     license: 'MIT',
48 silly install resolved     bugs: { url: 'https://github.com/ferhtgoldaraz/tern-meteor/issues' },
48 silly install resolved     homepage: 'https://github.com/ferhtgoldaraz/tern-meteor#readme',
48 silly install resolved     gitHead: '6cd0cb90bfe5bea9114eb8021546275d213cc40d',
48 silly install resolved     _id: 'tern-meteor@1.0.3',
48 silly install resolved     _shasum: '48bac02a96f020209a3a64fbf43abe3b9070b5e7',
48 silly install resolved     _from: 'tern-meteor@latest',
48 silly install resolved     _npmVersion: '2.11.3',
48 silly install resolved     _nodeVersion: '0.12.7',
48 silly install resolved     _npmUser: { name: 'ferhtgoldaraz', email: 'ferhtgoldaraz@gmail.com' },
48 silly install resolved     dist:
48 silly install resolved      { shasum: '48bac02a96f020209a3a64fbf43abe3b9070b5e7',
48 silly install resolved        tarball: 'http://registry.npmjs.org/tern-meteor/-/tern-meteor-1.0.3.tgz' },
48 silly install resolved     maintainers: [ [Object] ],
48 silly install resolved     directories: {},
48 silly install resolved     _resolved: 'https://registry.npmjs.org/tern-meteor/-/tern-meteor-1.0.3.tgz' } ]
49 info install tern-meteor@1.0.3 into /opt/local/lib
50 info installOne tern-meteor@1.0.3
51 verbose installOne of tern-meteor to /opt/local/lib not in flight; installing
52 verbose correctMkdir /Users/mgs/.npm/_locks correctMkdir not in flight; initializing
53 verbose lock using /Users/mgs/.npm/_locks/tern-meteor-7344e40000581f1c.lock for /opt/local/lib/node_modules/tern-meteor
54 silly install write writing tern-meteor 1.0.3 to /opt/local/lib/node_modules/tern-meteor
55 verbose unbuild lib/node_modules/tern-meteor
56 silly gentlyRm /opt/local/lib/node_modules/tern-meteor is being purged from base /opt/local
57 verbose gentlyRm don't care about contents; nuking /opt/local/lib/node_modules/tern-meteor
58 verbose tar unpack /Users/mgs/.npm/tern-meteor/1.0.3/package.tgz
59 verbose tar unpacking to /opt/local/lib/node_modules/tern-meteor
60 silly gentlyRm /opt/local/lib/node_modules/tern-meteor is being purged
61 verbose gentlyRm don't care about contents; nuking /opt/local/lib/node_modules/tern-meteor
62 silly gunzTarPerm modes [ '755', '644' ]
63 silly gunzTarPerm extractEntry package.json
64 silly gunzTarPerm extractEntry .npmignore
65 silly gunzTarPerm extractEntry README.md
66 silly gunzTarPerm extractEntry jsdocJson2ternjsJson.js
67 silly gunzTarPerm extractEntry meteor.js
68 silly gunzTarPerm extractEntry LICENSE.md
69 silly gunzTarPerm extractEntry demo-gifs/tern-vim-completion.gif
70 silly gunzTarPerm extractEntry demo-gifs/tern-vim-doc.gif
71 silly gunzTarPerm extractEntry demo-gifs/tern-vim-jump-to-def.gif
72 silly gunzTarPerm extractEntry demo-gifs/tern-vim-refs.gif
73 silly gunzTarPerm extractEntry demo-gifs/tern-vim-types.gif
74 verbose write writing to /opt/local/lib/node_modules/tern-meteor/package.json
75 info preinstall tern-meteor@1.0.3
76 verbose readDependencies loading dependencies from /opt/local/lib/node_modules/tern-meteor/package.json
77 silly prepareForInstallMany adding tern@~0.16.1 from tern-meteor dependencies
78 silly prepareForInstallMany adding acorn@~2.5.2 from tern-meteor dependencies
79 verbose readDependencies loading dependencies from /opt/local/lib/node_modules/tern-meteor/package.json
80 silly cache add args [ 'tern@~0.16.1', null ]
81 verbose cache add spec tern@~0.16.1
82 silly cache add args [ 'acorn@~2.5.2', null ]
83 verbose cache add spec acorn@~2.5.2
84 silly cache add parsed spec Result {
84 silly cache add   raw: 'tern@~0.16.1',
84 silly cache add   scope: null,
84 silly cache add   name: 'tern',
84 silly cache add   rawSpec: '~0.16.1',
84 silly cache add   spec: '>=0.16.1 <0.17.0',
84 silly cache add   type: 'range' }
85 silly addNamed tern@>=0.16.1 <0.17.0
86 verbose addNamed ">=0.16.1 <0.17.0" is a valid semver range for tern
87 silly addNameRange { name: 'tern', range: '>=0.16.1 <0.17.0', hasData: false }
88 silly mapToRegistry name tern
89 silly mapToRegistry using default registry
90 silly mapToRegistry registry https://registry.npmjs.org/
91 silly mapToRegistry uri https://registry.npmjs.org/tern
92 verbose addNameRange registry:https://registry.npmjs.org/tern not in flight; fetching
93 silly cache add parsed spec Result {
93 silly cache add   raw: 'acorn@~2.5.2',
93 silly cache add   scope: null,
93 silly cache add   name: 'acorn',
93 silly cache add   rawSpec: '~2.5.2',
93 silly cache add   spec: '>=2.5.2 <2.6.0',
93 silly cache add   type: 'range' }
94 silly addNamed acorn@>=2.5.2 <2.6.0
95 verbose addNamed ">=2.5.2 <2.6.0" is a valid semver range for acorn
96 silly addNameRange { name: 'acorn', range: '>=2.5.2 <2.6.0', hasData: false }
97 silly mapToRegistry name acorn
98 silly mapToRegistry using default registry
99 silly mapToRegistry registry https://registry.npmjs.org/
100 silly mapToRegistry uri https://registry.npmjs.org/acorn
101 verbose addNameRange registry:https://registry.npmjs.org/acorn not in flight; fetching
102 verbose request uri https://registry.npmjs.org/tern
103 verbose request no auth needed
104 info attempt registry request try #1 at 1:58:14 PM
105 verbose etag "C4TVBIQWE2V9HGWMN9A4KHX5G"
106 http request GET https://registry.npmjs.org/tern
107 verbose request uri https://registry.npmjs.org/acorn
108 verbose request no auth needed
109 info attempt registry request try #1 at 1:58:14 PM
110 verbose etag "EAQROGH7QNH6N5X6T4WXHU1D8"
111 http request GET https://registry.npmjs.org/acorn
112 http 304 https://registry.npmjs.org/tern
113 verbose headers { date: 'Wed, 10 Feb 2016 18:58:14 GMT',
113 verbose headers   via: '1.1 varnish',
113 verbose headers   'cache-control': 'max-age=300',
113 verbose headers   etag: '"C4TVBIQWE2V9HGWMN9A4KHX5G"',
113 verbose headers   age: '0',
113 verbose headers   connection: 'keep-alive',
113 verbose headers   'x-served-by': 'cache-atl6220-ATL',
113 verbose headers   'x-cache': 'MISS',
113 verbose headers   'x-cache-hits': '0',
113 verbose headers   'x-timer': 'S1455130694.240555,VS0,VE48',
113 verbose headers   vary: 'Accept' }
114 silly get cb [ 304,
114 silly get   { date: 'Wed, 10 Feb 2016 18:58:14 GMT',
114 silly get     via: '1.1 varnish',
114 silly get     'cache-control': 'max-age=300',
114 silly get     etag: '"C4TVBIQWE2V9HGWMN9A4KHX5G"',
114 silly get     age: '0',
114 silly get     connection: 'keep-alive',
114 silly get     'x-served-by': 'cache-atl6220-ATL',
114 silly get     'x-cache': 'MISS',
114 silly get     'x-cache-hits': '0',
114 silly get     'x-timer': 'S1455130694.240555,VS0,VE48',
114 silly get     vary: 'Accept' } ]
115 verbose etag https://registry.npmjs.org/tern from cache
116 verbose get saving tern to /Users/mgs/.npm/registry.npmjs.org/tern/.cache.json
117 verbose correctMkdir /Users/mgs/.npm correctMkdir not in flight; initializing
118 silly addNameRange number 2 { name: 'tern', range: '>=0.16.1 <0.17.0', hasData: true }
119 silly addNameRange versions [ 'tern',
119 silly addNameRange   [ '0.1.0',
119 silly addNameRange     '0.2.0',
119 silly addNameRange     '0.3.0',
119 silly addNameRange     '0.4.0',
119 silly addNameRange     '0.5.0',
119 silly addNameRange     '0.6.0',
119 silly addNameRange     '0.6.2',
119 silly addNameRange     '0.7.0',
119 silly addNameRange     '0.8.0',
119 silly addNameRange     '0.9.0',
119 silly addNameRange     '0.10.0',
119 silly addNameRange     '0.11.0',
119 silly addNameRange     '0.12.0',
119 silly addNameRange     '0.13.0',
119 silly addNameRange     '0.14.0',
119 silly addNameRange     '0.15.0',
119 silly addNameRange     '0.16.0',
119 silly addNameRange     '0.17.0' ] ]
120 http 200 https://registry.npmjs.org/acorn
121 verbose headers { server: 'CouchDB/1.5.0 (Erlang OTP/R16B03)',
121 verbose headers   etag: '"DJ4JASB4GKHUOGV4ARR9JA7D9"',
121 verbose headers   'content-type': 'application/json',
121 verbose headers   'cache-control': 'max-age=300',
121 verbose headers   'content-length': '81004',
121 verbose headers   'accept-ranges': 'bytes',
121 verbose headers   date: 'Wed, 10 Feb 2016 18:58:14 GMT',
121 verbose headers   via: '1.1 varnish',
121 verbose headers   age: '38',
121 verbose headers   connection: 'keep-alive',
121 verbose headers   'x-served-by': 'cache-atl6237-ATL',
121 verbose headers   'x-cache': 'HIT',
121 verbose headers   'x-cache-hits': '6',
121 verbose headers   'x-timer': 'S1455130694.220875,VS0,VE0',
121 verbose headers   vary: 'Accept' }
122 silly get cb [ 200,
122 silly get   { server: 'CouchDB/1.5.0 (Erlang OTP/R16B03)',
122 silly get     etag: '"DJ4JASB4GKHUOGV4ARR9JA7D9"',
122 silly get     'content-type': 'application/json',
122 silly get     'cache-control': 'max-age=300',
122 silly get     'content-length': '81004',
122 silly get     'accept-ranges': 'bytes',
122 silly get     date: 'Wed, 10 Feb 2016 18:58:14 GMT',
122 silly get     via: '1.1 varnish',
122 silly get     age: '38',
122 silly get     connection: 'keep-alive',
122 silly get     'x-served-by': 'cache-atl6237-ATL',
122 silly get     'x-cache': 'HIT',
122 silly get     'x-cache-hits': '6',
122 silly get     'x-timer': 'S1455130694.220875,VS0,VE0',
122 silly get     vary: 'Accept' } ]
123 verbose get saving acorn to /Users/mgs/.npm/registry.npmjs.org/acorn/.cache.json
124 verbose correctMkdir /Users/mgs/.npm correctMkdir not in flight; initializing
125 silly addNameRange number 2 { name: 'acorn', range: '>=2.5.2 <2.6.0', hasData: true }
126 silly addNameRange versions [ 'acorn',
126 silly addNameRange   [ '0.0.1',
126 silly addNameRange     '0.1.0',
126 silly addNameRange     '0.2.0',
126 silly addNameRange     '0.3.0',
126 silly addNameRange     '0.3.1',
126 silly addNameRange     '0.4.0',
126 silly addNameRange     '0.4.2',
126 silly addNameRange     '0.5.0',
126 silly addNameRange     '0.6.0',
126 silly addNameRange     '0.7.0',
126 silly addNameRange     '0.8.0',
126 silly addNameRange     '0.9.0',
126 silly addNameRange     '0.10.0',
126 silly addNameRange     '0.11.0',
126 silly addNameRange     '0.12.0',
126 silly addNameRange     '1.0.0',
126 silly addNameRange     '1.0.1',
126 silly addNameRange     '1.0.3',
126 silly addNameRange     '1.1.0',
126 silly addNameRange     '1.2.0',
126 silly addNameRange     '2.0.0',
126 silly addNameRange     '1.2.1',
126 silly addNameRange     '2.0.1',
126 silly addNameRange     '1.2.2',
126 silly addNameRange     '2.0.4',
126 silly addNameRange     '2.1.0',
126 silly addNameRange     '2.2.0',
126 silly addNameRange     '2.3.0',
126 silly addNameRange     '2.4.0',
126 silly addNameRange     '2.5.0',
126 silly addNameRange     '2.5.2',
126 silly addNameRange     '2.6.0',
126 silly addNameRange     '2.6.2',
126 silly addNameRange     '2.6.4',
126 silly addNameRange     '2.7.0',
126 silly addNameRange     '3.0.0',
126 silly addNameRange     '3.0.2' ] ]
127 silly addNamed acorn@2.5.2
128 verbose addNamed "2.5.2" is a plain semver version for acorn
129 silly mapToRegistry name acorn
130 silly mapToRegistry using default registry
131 silly mapToRegistry registry https://registry.npmjs.org/
132 silly mapToRegistry uri https://registry.npmjs.org/acorn
133 verbose addRemoteTarball https://registry.npmjs.org/acorn/-/acorn-2.5.2.tgz not in flight; adding
134 verbose addRemoteTarball [ 'https://registry.npmjs.org/acorn/-/acorn-2.5.2.tgz',
134 verbose addRemoteTarball   'a68b5c814de12a8888ab4373542e5e5cbfe312a9' ]
135 info retry fetch attempt 1 at 1:58:14 PM
136 info attempt registry request try #1 at 1:58:14 PM
137 http fetch GET https://registry.npmjs.org/acorn/-/acorn-2.5.2.tgz
138 http fetch 200 https://registry.npmjs.org/acorn/-/acorn-2.5.2.tgz
139 silly fetchAndShaCheck shasum a68b5c814de12a8888ab4373542e5e5cbfe312a9
140 verbose addTmpTarball /tmp/npm-17894-d47a1f0c/registry.npmjs.org/acorn/-/acorn-2.5.2.tgz not in flight; adding
141 verbose addTmpTarball already have metadata; skipping unpack for acorn@2.5.2
142 verbose correctMkdir /Users/mgs/.npm correctMkdir not in flight; initializing
143 silly cache afterAdd acorn@2.5.2
144 verbose afterAdd /Users/mgs/.npm/acorn/2.5.2/package/package.json not in flight; writing
145 verbose correctMkdir /Users/mgs/.npm correctMkdir not in flight; initializing
146 verbose afterAdd /Users/mgs/.npm/acorn/2.5.2/package/package.json written
147 verbose about to build /opt/local/lib/node_modules/tern-meteor
148 verbose unlock done using /Users/mgs/.npm/_locks/tern-meteor-7344e40000581f1c.lock for /opt/local/lib/node_modules/tern-meteor
149 verbose stack Error: No compatible version found: tern@'>=0.16.1 <0.17.0'
149 verbose stack Valid install targets:
149 verbose stack ["0.1.0","0.2.0","0.3.0","0.4.0","0.5.0","0.6.0","0.6.2","0.7.0","0.8.0","0.9.0","0.10.0","0.11.0","0.12.0","0.13.0","0.14.0","0.15.0","0.16.0","0.17.0"]
149 verbose stack
149 verbose stack     at installTargetsError (/opt/local/lib/node_modules/npm/lib/cache/add-named.js:284:12)
149 verbose stack     at next (/opt/local/lib/node_modules/npm/lib/cache/add-named.js:262:19)
149 verbose stack     at setData (/opt/local/lib/node_modules/npm/lib/cache/add-named.js:236:5)
149 verbose stack     at RES (/opt/local/lib/node_modules/npm/node_modules/inflight/inflight.js:23:14)
149 verbose stack     at f (/opt/local/lib/node_modules/npm/node_modules/once/once.js:17:25)
149 verbose stack     at fixName (/opt/local/lib/node_modules/npm/lib/cache/add-named.js:29:5)
149 verbose stack     at saved (/opt/local/lib/node_modules/npm/lib/cache/caching-client.js:173:7)
149 verbose stack     at /opt/local/lib/node_modules/npm/node_modules/graceful-fs/polyfills.js:210:7
149 verbose stack     at FSReqWrap.oncomplete (fs.js:82:15)
150 verbose cwd /Users/mgs/plottr.js
151 error Darwin 15.4.0
152 error argv "/opt/local/bin/node" "/opt/local/bin/npm" "install" "-g" "tern-meteor"
153 error node v4.2.6
154 error npm  v2.14.17
155 error code ETARGET
156 error notarget No compatible version found: tern@'>=0.16.1 <0.17.0'
156 error notarget Valid install targets:
156 error notarget ["0.1.0","0.2.0","0.3.0","0.4.0","0.5.0","0.6.0","0.6.2","0.7.0","0.8.0","0.9.0","0.10.0","0.11.0","0.12.0","0.13.0","0.14.0","0.15.0","0.16.0","0.17.0"]
156 error notarget
156 error notarget This is most likely not a problem with npm itself.
156 error notarget In most cases you or one of your dependencies are requesting
156 error notarget a package version that doesn't exist.
156 error notarget
156 error notarget It was specified as a dependency of 'tern-meteor'
157 verbose exit [ 1, true ]
158 verbose unbuild lib/node_modules/tern-meteor
159 info preuninstall tern-meteor@1.0.3
160 info uninstall tern-meteor@1.0.3
161 verbose unbuild rmStuff tern-meteor@1.0.3 from /opt/local/lib/node_modules
162 info postuninstall tern-meteor@1.0.3
163 silly gentlyRm /opt/local/lib/node_modules/tern-meteor is being purged from base /opt/local
164 verbose gentlyRm don't care about contents; nuking /opt/local/lib/node_modules/tern-meteor
165 silly vacuum-fs purging /opt/local/lib/node_modules/tern-meteor
166 silly vacuum-fs quitting because other entries in /opt/local/lib/node_modules
